/BATCH  
/COM,ANSYS RELEASE Release 17.0      BUILD 17.0      UP20151214       12:03:10
/input,menust,tmp,''
/GRA,POWER
/GST,ON
/PLO,INFO,3
/GRO,CURL,ON
/CPLANE,1   
/REPLOT,RESIZE  
WPSTYLE,,,,,,,,0
/REPLOT,RESIZE  
/REPLOT,RESIZE  
/REPLOT,RESIZE  
/POST1  
FINISH  
/SOL
FINISH  
/POST1  
FINISH  
! /EXIT,NOSAV   
/BATCH  
/COM,ANSYS RELEASE Release 17.0      BUILD 17.0      UP20151214       12:17:27
/input,menust,tmp,''
/GRA,POWER
/GST,ON
/PLO,INFO,3
/GRO,CURL,ON
/CPLANE,1   
/REPLOT,RESIZE  
WPSTYLE,,,,,,,,0
/REPLOT,RESIZE  
/REPLOT,RESIZE  
/REPLOT,RESIZE  
/REPLOT,RESIZE  
/REPLOT,RESIZE  
/REPLOT,RESIZE  
/REPLOT,RESIZE  
/REPLOT,RESIZE  
/REPLOT,RESIZE  
/REPLOT,RESIZE  
/REPLOT,RESIZE  
/REPLOT,RESIZE  
/REPLOT,RESIZE  
/BATCH  
/COM,ANSYS RELEASE Release 17.0      BUILD 17.0      UP20151214       12:47:24
/input,menust,tmp,''
/GRA,POWER
/GST,ON
/PLO,INFO,3
/GRO,CURL,ON
/CPLANE,1   
/REPLOT,RESIZE  
WPSTYLE,,,,,,,,0
/PREP7  
!*  
/com,Curve Fitting Experimental Data Written To lab4_UNIA_1.exp 
TBFT,EADD,1,UNIA,lab4_UNIA_1.exp
TBFT,FADD,1,HYPER,NEO,  
TBFT,SOLVE,1,HYPER,NEO,,1   
/BATCH  
/COM,ANSYS RELEASE Release 17.0      BUILD 17.0      UP20151214       12:52:59
/input,menust,tmp,''
/GRA,POWER
/GST,ON
/PLO,INFO,3
/GRO,CURL,ON
/CPLANE,1   
/REPLOT,RESIZE  
WPSTYLE,,,,,,,,0
/PREP7  
!*  
/com,Curve Fitting Experimental Data Written To lab4_UNIA_1.exp 
TBFT,EADD,1,UNIA,lab4_UNIA_1.exp
TBFT,FADD,1,HYPER,NEO,  
TBFT,SOLVE,1,HYPER,NEO,,1   
/BATCH  
/COM,ANSYS RELEASE Release 17.0      BUILD 17.0      UP20151214       12:54:17
/input,menust,tmp,''
/GRA,POWER
/GST,ON
/PLO,INFO,3
/GRO,CURL,ON
/CPLANE,1   
/REPLOT,RESIZE  
WPSTYLE,,,,,,,,0
/PREP7  
!*  
/com,Curve Fitting Experimental Data Written To lab4_UNIA_1.exp 
TBFT,EADD,1,UNIA,lab4_UNIA_1.exp
TBFT,FADD,1,HYPER,MOON,2
TBFT,SOLVE,1,HYPER,MOON,2,1 
TBFT,FSET,1,HYPER,MOON,2
TBFT,FSET,1,HYPER,MOON,2
!*  
ET,1,PLANE182   
!*  
lab4
/COM,ANSYS RELEASE Release 17.0      BUILD 17.0      UP20151214       13:10:18
/PREP7  
!*  
lab4
/COM,ANSYS RELEASE Release 17.0      BUILD 17.0      UP20151214       13:14:10
lab4
/COM,ANSYS RELEASE Release 17.0      BUILD 17.0      UP20151214       13:14:41
lab4
/COM,ANSYS RELEASE Release 17.0      BUILD 17.0      UP20151214       13:16:20
/PREP7  
/USER,  1   
/REPLO  
/LIG,   1,1, 1.000,   0.00000000000    ,   0.00000000000    ,   0.00000000000    ,   0.00000000000  
/REPLO  
FLST,4,6,1  
FITEM,4,2   
FITEM,4,56  
FITEM,4,57  
FITEM,4,58  
FITEM,4,59  
FITEM,4,55  
CP, ,ALL,P51X   
lab4
/COM,ANSYS RELEASE Release 17.0      BUILD 17.0      UP20151214       13:21:57
cplist  
lab4
/COM,ANSYS RELEASE Release 17.0      BUILD 17.0      UP20151214       13:26:00
/SOLU   
FINISH  
/POST1  
SET,LIST,999
SET,,, ,,, ,15  
PLDISP,2
/DIST,1,1.08222638492,1 
/REP,FAST   
/DIST,1,1.08222638492,1 
/REP,FAST   
/DIST,1,1.08222638492,1 
/REP,FAST   
/DIST,1,1.08222638492,1 
/REP,FAST   
/USER,  1   
/DIST,  1,   63.1872814747  
/ANG,   1,  0.599999999999  
/REPLO  
/ZOOM,1,RECT,0.494504,0.429882 ,-0.269098825581 ,0.802941140007 
/AUTO,1 
/REP,FAST   
/USER,  1   
/FOC,   1,   35.9186513351    ,   42.1961070800    ,   0.00000000000
/REPLO  
/VIEW,  1, -0.412989392691E-01,  0.527612059267E-01,  0.997752801432
/ANG,   1,  0.548418875497  
/REPLO  
/DIST,1,0.924021086472,1
/REP,FAST   
/DIST,1,0.924021086472,1
/REP,FAST   
/DIST,1,0.924021086472,1
/REP,FAST   
/DIST,1,1.08222638492,1 
/REP,FAST   
/DIST,1,1.08222638492,1 
/REP,FAST   
/DIST,1,1.08222638492,1 
/REP,FAST   
/DIST,1,1.08222638492,1 
/REP,FAST   
/DIST,1,1.08222638492,1 
/REP,FAST   
/DIST,1,1.08222638492,1 
/REP,FAST   
/DIST,1,1.08222638492,1 
/REP,FAST   
/DIST,1,1.08222638492,1 
/REP,FAST   
/DIST,1,1.08222638492,1 
/REP,FAST   
/FOC,   1,   36.0477943073    ,   44.1126771080    , -0.960028155456E-01
/REPLO  
!*  
/EXPAND,27,AXIS,,,10
/REPLOT 
!*  
PLDISP,2
!*  
ANDSCL,10,0.5   
/FOC,   1,   37.2417657983    ,   45.9128358403    , -0.141765771304
/REPLO  
/VIEW,  1,  0.294439313969E-02,  0.243569478741    ,  0.969878981923
/ANG,   1,  0.733481641480  
/REPLO  
/FOC,   1,   38.9679127396    ,   47.4436099966    , -0.531435333781
/REPLO  
!*  
/EFACET,1   
PLNSOL, S,INT, 0,1.0
/REPLO  
!*  
/EFACET,1   
PLNSOL, S,INT, 0,1.0
/FOC,   1,   39.0745905160    ,   47.4422854058    , -0.531426540335
/REPLO  
/FOC,   1,   39.8663741616    ,   51.0542710249    ,  -1.44092225397
/REPLO  
/FOC,   1,   14.3445194150    ,   40.7126793862    ,   1.23368200818
/REPLO  
/VIEW,  1, -0.658286765186E-01,  0.486895008570    ,  0.870976369356
/ANG,   1,  -3.17162826830  
/REPLO  
/FOC,   1,  -4.15956913273    ,   39.0712395563    ,  0.752738076767
/REPLO  
/VIEW,  1,  0.175993199437    ,  0.593332194147    ,  0.785482845860
/ANG,   1,   5.61009595654  
/REPLO  
/VIEW,  1,  0.132345452830    ,  0.500372902429    ,  0.855635225800
/ANG,   1,   3.44532018115  
/REPLO  
FINISH  
/POST26 
FILE,'lab4','rst','.'   
/UI,COLL,1  
NUMVAR,200  
SOLU,191,NCMIT  
STORE,MERGE 
FILLDATA,191,,,,1,1 
REALVAR,191,191 
!*  
RFORCE,2,2,F,Y, FY_2
STORE,MERGE 
!*  
NSOL,3,2,U,Y, UY_3, 
STORE,MERGE 
/FOC,   1,  -8.69077398170    ,   43.9145265590    ,  -1.37873706855
/REPLO  
XVAR,3  
PLVAR,2,
FILLDATA,192,,,,0,0 
FILLDATA,193,,,,1,0 
FILLDATA,194,,,,-1,0
FILLDATA,195,,,,1,1 
VARNAME,195,NSET
!   
! Name: U   
! ID:  4
! Function: -{UY_3} 
PROD,199,3,194  
ADD,4,,199,,U   
!   
STORE,MERGE 
XVAR,4  
PLVAR,2,
XVAR,4  
PLVAR,4,
XVAR,4  
PLVAR,2,
XVAR,4  
PLVAR,3,
XVAR,4  
PLVAR,2,
XVAR,4  
PLVAR,4,
XVAR,4  
PLVAR,2,
XVAR,4  
PLVAR,2,
FILLDATA,192,,,,0,0 
FILLDATA,193,,,,1,0 
FILLDATA,194,,,,-1,0
FILLDATA,195,,,,1,1 
VARNAME,195,NSET
!   
! Name: calc_5  
! ID:  5
! Function: rforce(2 ,F,Y)*(-1) 
RFORCE,200,2,F,Y
FILLDATA,198,,,,1,0 
REALVAR,198,198 
FILLDATA,197,,,,0,0 
REALVAR,197,197 
PROD,196,198,194
ADD,199,197,196 
FILLDATA,197,,,,1,0 
REALVAR,197,197 
PROD,196,199,197
PROD,5,200,196,,calc_5  
!   
STORE,MERGE 
FILLDATA,192,,,,0,0 
FILLDATA,193,,,,1,0 
FILLDATA,194,,,,-1,0
FILLDATA,195,,,,1,1 
VARNAME,195,NSET
!   
! Name: FY  
! ID:  6
! Function: rforce(2 ,F,Y)*(-1) 
RFORCE,200,2,F,Y
FILLDATA,198,,,,1,0 
REALVAR,198,198 
FILLDATA,197,,,,0,0 
REALVAR,197,197 
PROD,196,198,194
ADD,199,197,196 
FILLDATA,197,,,,1,0 
REALVAR,197,197 
PROD,196,199,197
PROD,6,200,196,,FY  
!   
STORE,MERGE 
VARDEL,5
XVAR,4  
PLVAR,6,
/AXLAB,X,Displ, mm  
/AXLAB,Y,Force, N   
/GTHK,AXIS,2
/GRTYP,0
/GROPT,ASCAL,ON 
/GROPT,LOGX,OFF 
/GROPT,LOGY,OFF 
/GROPT,AXDV,1   
/GROPT,AXNM,ON  
/GROPT,AXNSC,1, 
/GROPT,DIG1,4,  
/GROPT,DIG2,3,  
/GROPT,XAXO,0,  
/GROPT,YAXO,0,  
/GROPT,DIVX,
/GROPT,DIVY,
/GROPT,REVX,0   
/GROPT,REVY,0   
/GROPT,LTYP,0   
!*  
/XRANGE,DEFAULT 
/YRANGE,DEFAULT,,1  
!*  
XVAR,4  
PLVAR,6,
lab4
/COM,ANSYS RELEASE Release 17.0      BUILD 17.0      UP20151214       13:42:11
FINISH  
/POST1  
!*  
/EFACET,1   
PLNSOL, S,INT, 0,1.0
PLDISP,2
/USER,  1   
/VIEW,  1,  0.417929871847E-01,  0.626878844557E-01,  0.997157748485
/ANG,   1,  0.274570422601  
/REPLO  
/FOC,   1,   38.8668966613    ,   45.0766813813    , -0.278157578338
/REPLO  
/DIST,1,0.924021086472,1
/REP,FAST   
/DIST,1,0.924021086472,1
/REP,FAST   
/DIST,1,0.924021086472,1
/REP,FAST   
/DIST,1,1.08222638492,1 
/REP,FAST   
/DIST,1,1.08222638492,1 
/REP,FAST   
/DIST,1,1.08222638492,1 
/REP,FAST   
/DIST,1,1.08222638492,1 
/REP,FAST   
/DIST,1,1.08222638492,1 
/REP,FAST   
/DIST,1,1.08222638492,1 
/REP,FAST   
/DIST,1,1.08222638492,1 
/REP,FAST   
/DIST,1,1.08222638492,1 
/REP,FAST   
/DIST,1,1.08222638492,1 
/REP,FAST   
/FOC,   1,   38.7657699400    ,   47.2995358749    , -0.413662374937
/REPLO  
/FOC,   1,   38.9723809142    ,   44.8645221132    , -0.269240921298
/REPLO  
!*  
/EFACET,1   
PLNSOL, S,INT, 0,1.0
/FOC,   1,   30.9202587603    ,   44.6914125553    ,  0.791233274667E-01
/REPLO  
!*  
/EFACET,1   
PLNSOL, S,EQV, 0,1.0
/FOC,   1,   36.5333998486    ,   43.8179256674    , -0.101222148199
/REPLO  
FINISH  
/POST26 
NUMVAR,200  
FILLDATA,191,,,,1,1 
REALVAR,191,191 
XVAR,5  
PLVAR,5,
XVAR,5  
PLVAR,3,
XVAR,5  
PLVAR,2,
XVAR,3  
PLVAR,2,
XVAR,5  
PLVAR,2,
XVAR,3  
PLVAR,2,
XVAR,5  
PLVAR,2,
XVAR,3  
PLVAR,2,
lab4
/COM,ANSYS RELEASE Release 17.0      BUILD 17.0      UP20151214       13:45:10
NUMVAR,200  
FILLDATA,191,,,,1,1 
REALVAR,191,191 
XVAR,5  
PLVAR,2,
lab4
/COM,ANSYS RELEASE Release 17.0      BUILD 17.0      UP20151214       13:46:32
NUMVAR,200  
FILLDATA,191,,,,1,1 
REALVAR,191,191 
XVAR,5  
PLVAR,2,
FINISH  
/POST1  
PLDISP,2
/DIST,1,1.08222638492,1 
/REP,FAST   
/DIST,1,1.08222638492,1 
/REP,FAST   
/DIST,1,1.08222638492,1 
/REP,FAST   
/DIST,1,1.08222638492,1 
/REP,FAST   
/DIST,1,1.08222638492,1 
/REP,FAST   
FINISH  
/POST26 
NUMVAR,200  
FILLDATA,191,,,,1,1 
REALVAR,191,191 
FILLDATA,192,,,,0,0 
FILLDATA,193,,,,1,0 
FILLDATA,194,,,,-1,0
FILLDATA,195,,,,1,1 
VARNAME,195,NSET
!   
! Name: calc_4  
! ID:  4
! Function: -{UY_3} 
PROD,199,3,194  
ADD,4,,199,,calc_4  
!   
STORE,MERGE 
XVAR,5  
PLVAR,4,
XVAR,3  
PLVAR,4,
PRVAR,4,
XVAR,5  
PLVAR,4,
XVAR,2  
PLVAR,5,
XVAR,2  
PLVAR,4,
XVAR,2  
PLVAR,4,
XVAR,2  
PLVAR,3,
XVAR,2  
PLVAR,5,
VARDEL,4
VARDEL,5
XVAR,2  
PLVAR,3,
FINISH  
! /EXIT,NOSAV   
/BATCH  
/COM,ANSYS RELEASE Release 17.0      BUILD 17.0      UP20151214       13:51:39
/input,menust,tmp,''
/GRA,POWER
/GST,ON
/PLO,INFO,3
/GRO,CURL,ON
/CPLANE,1   
/REPLOT,RESIZE  
WPSTYLE,,,,,,,,0
lab4
/COM,ANSYS RELEASE Release 17.0      BUILD 17.0      UP20151214       13:57:54
/RGB,INDEX,100,100,100, 0   
/RGB,INDEX,100,100,100, 0   
/RGB,INDEX, 0, 0, 0,15  
/REPLOT 
FINISH  
/SOL
FINISH  
/POST1  
PLDISP,2
/DIST,1,1.08222638492,1 
/REP,FAST   
/DIST,1,1.08222638492,1 
/REP,FAST   
/DIST,1,1.08222638492,1 
/REP,FAST   
/DIST,1,1.08222638492,1 
/REP,FAST   
/DIST,1,1.08222638492,1 
/REP,FAST   
/DIST,1,1.08222638492,1 
/REP,FAST   
/DIST,1,0.924021086472,1
/REP,FAST   
/DIST,1,0.924021086472,1
/REP,FAST   
/DIST,1,1.08222638492,1 
/REP,FAST   
/ZOOM,1,RECT,0.746567,0.143294 ,-0.222145909733 ,1.02529407109  
/AUTO,1 
/REP,FAST   
/FOC,1,0.3,,,1  
/REP,FAST   
/DIST,1,1.08222638492,1 
/REP,FAST   
/DIST,1,1.08222638492,1 
/REP,FAST   
/DIST,1,1.08222638492,1 
/REP,FAST   
/DIST,1,1.08222638492,1 
/REP,FAST   
/DIST,1,1.08222638492,1 
/REP,FAST   
/FOC,1,,0.3,,1  
/REP,FAST   
/FOC,1,,-0.3,,1 
/REP,FAST   
/FOC,1,0.3,,,1  
/REP,FAST   
!*  
/EXPAND,27,AXIS,,,10
/REPLOT 
!*  
/FOC,1,-0.3,,,1 
/REP,FAST   
/FOC,1,-0.3,,,1 
/REP,FAST   
/FOC,1,-0.3,,,1 
/REP,FAST   
/VIEW,1,1,1,1   
/ANG,1  
/REP,FAST   
/DIST,1,0.924021086472,1
/REP,FAST   
/DIST,1,1.08222638492,1 
/REP,FAST   
/DIST,1,1.08222638492,1 
/REP,FAST   
/DIST,1,1.08222638492,1 
/REP,FAST   
/DIST,1,0.924021086472,1
/REP,FAST   
/FOC,   1,   13.5163120695    ,   38.8744873637    ,   1.46250019695
/REPLO  
/VIEW,  1,  0.264609203046    ,  0.615342573974    ,  0.742519687496
/ANG,   1,   1.35055507923  
/REPLO  
/VIEW,  1,  0.302130515185    ,  0.400032671450    ,  0.865269330074
/ANG,   1,   1.16155111433  
/REPLO  
/VIEW,  1,  0.313268800652    ,  0.428275400822    ,  0.847610075205
/ANG,   1,   1.58754964074  
/REPLO  
!*  
/EFACET,1   
PLNSOL, S,INT, 0,1.0
/VIEW,  1,  0.257478075623    ,  0.471065399312    ,  0.843683844899
/ANG,   1,  0.156517903566  
/REPLO  
!*  
/EFACET,1   
PLNSOL, S,EQV, 0,1.0
/REPLOT 
